Ansys Lumerical 2022 R1 FDTD Solver Version 8.27.2898 (Windows 64bit)
 expires (month/day/year): 10/25/2023
using config file: Ansys Licensing set with ANSYSLMD_LICENSE_FILE
license host: 27011@admin2.cnsi.ucsb.edu
current time: Mon May 22 23:26:14 2023
Running on host: EAS-LONCARNZXT
host available memory (GB): 22.136254
All processes are communicating and ready to proceed to simulation...
Running fsp file: C:\Program Files\Lumerical\v221\bin\fdtd-engine-msmpi.exe -t 4 -remote C:/Users/LoncarLab/Documents/GitHub/lumerical_photonics/katie_michael_python_tasks/fsps/28d8730e-ef6b-43f5-9d09-14e343c44e1c/28d8730e-ef6b-43f5-9d09-14e343c44e1c.fsp
number of processors is 6
processors are distributed as: 6x1x1
Running 3D Simulation
Starting meshing
Simulation size in gridpoints: 154 x 57 x 78
Refined 0 mesh cells (0%)
Completed meshing!
Meshing complete in 1.0625 seconds of CPU time
0 0
Starting meshing
Simulation size in gridpoints: 154 x 57 x 78
Refined 0 mesh cells (0%)
Completed meshing!
Meshing complete in 1.0625 seconds of CPU time
0 0
Starting meshing
Simulation size in gridpoints: 154 x 57 x 78
Refined 0 mesh cells (0%)
Completed meshing!
Meshing complete in 1.10938 seconds of CPU time
0 0
finished material properties
Meshing Time: 1.73683 seconds, Init Electrical Material Time: 0.073006 seconds, Init Magnetic Material Time: 0.0012185
Using selected optimization level: 2
Selecting 3d kernel for splitFieldDirection=0 and optLevel=2
-----------------------------------------
Beginning initialization of 3D Simulation
Starting to add sources to simulation
Adding 3D point source
Starting to add boundary conditions to simulation
Adding 3D PML BC
Adding 3D Parallel BC
Adding 3D Anti-Symmetric BC
Adding 3D PML BC
Adding 3D PML BC
Adding 3D PML BC
Starting to add monitors to Simulation
Adding analysis monitor
Adding 3D Time monitor
Adding 3D Time monitor
Adding 3D Time monitor
Adding 3D Time monitor
Adding 3D Time monitor
Adding 3D Time monitor
Adding 3D index monitor
Adding 3D Time monitor
Adding 3D index monitor
Adding 3D Time monitor
Adding 3D Time monitor
Adding 3D Time monitor
Adding 3D Time monitor
Adding 3D Time monitor
Adding 3D Time monitor
Adding 3D index monitor
Adding 3D Time monitor
Adding 3D index monitor
Finished initialization of 3D Simulation
-----------------------------------------
All processes are communicating and ready to proceed to simulation...
Starting 27204 total iterations
0.176444% complete. Max time remaining: 12 mins, 49 secs. Auto Shutoff: 1
1.35273% complete. Max time remaining: 11 mins, 21 secs. Auto Shutoff: 1
2.52902% complete. Max time remaining: 11 mins, 30 secs. Auto Shutoff: 1
3.58769% complete. Max time remaining: 11 mins, 30 secs. Auto Shutoff: 1
4.76398% complete. Max time remaining: 11 mins, 16 secs. Auto Shutoff: 1
5.94027% complete. Max time remaining: 11 mins, 2 secs. Auto Shutoff: 1
7.11656% complete. Max time remaining: 10 mins, 50 secs. Auto Shutoff: 1
8.29285% complete. Max time remaining: 10 mins, 37 secs. Auto Shutoff: 1
9.46914% complete. Max time remaining: 10 mins, 30 secs. Auto Shutoff: 1
10.6454% complete. Max time remaining: 10 mins, 18 secs. Auto Shutoff: 1
11.8217% complete. Max time remaining: 10 mins, 11 secs. Auto Shutoff: 1
12.8804% complete. Max time remaining: 10 mins, 14 secs. Auto Shutoff: 1
14.0567% complete. Max time remaining: 10 mins, 7 secs. Auto Shutoff: 1
15.233% complete. Max time remaining: 9 mins, 55 secs. Auto Shutoff: 1
16.4093% complete. Max time remaining: 9 mins, 43 secs. Auto Shutoff: 1
17.5855% complete. Max time remaining: 9 mins, 32 secs. Auto Shutoff: 1
18.7618% complete. Max time remaining: 9 mins, 21 secs. Auto Shutoff: 1
19.9381% complete. Max time remaining: 9 mins, 11 secs. Auto Shutoff: 1
21.1144% complete. Max time remaining: 9 mins, 3 secs. Auto Shutoff: 1
22.1731% complete. Max time remaining: 8 mins, 58 secs. Auto Shutoff: 1
23.2317% complete. Max time remaining: 8 mins, 51 secs. Auto Shutoff: 1
24.408% complete. Max time remaining: 8 mins, 43 secs. Auto Shutoff: 1
25.5843% complete. Max time remaining: 8 mins, 33 secs. Auto Shutoff: 1
26.7606% complete. Max time remaining: 8 mins, 25 secs. Auto Shutoff: 1
27.9369% complete. Max time remaining: 8 mins, 18 secs. Auto Shutoff: 1
