Ansys Lumerical 2022 R1 FDTD Solver Version 8.27.2898 (Windows 64bit)
 expires (month/day/year): 10/25/2023
using config file: Ansys Licensing set with ANSYSLMD_LICENSE_FILE
license host: 27011@admin2.cnsi.ucsb.edu
current time: Thu Mar 16 17:01:02 2023
Running on host: EAS-LONCARNZXT
host available memory (GB): 20.550644
All processes are communicating and ready to proceed to simulation...
Running fsp file: C:\Program Files\Lumerical\v221\bin\fdtd-engine-msmpi.exe -t 4 -remote C:/Users/LoncarLab/Documents/GitHub/lumerical_photonics/group_examples/fsps/cb1b3c6e-048e-4bbe-861e-7fcf4ed2173b/cb1b3c6e-048e-4bbe-861e-7fcf4ed2173b.fsp
number of processors is 6
processors are distributed as: 6x1x1
Running 3D Simulation
Starting meshing
Simulation size in gridpoints: 153 x 57 x 78
Refined 0 mesh cells (0%)
Completed meshing!
Meshing complete in 1.0625 seconds of CPU time
0 0
Starting meshing
Simulation size in gridpoints: 153 x 57 x 78
Refined 0 mesh cells (0%)
Completed meshing!
Meshing complete in 1.04688 seconds of CPU time
0 0
Starting meshing
Simulation size in gridpoints: 153 x 57 x 78
Refined 0 mesh cells (0%)
Completed meshing!
Meshing complete in 1.0625 seconds of CPU time
0 0
finished material properties
Meshing Time: 1.5418 seconds, Init Electrical Material Time: 0.0546039 seconds, Init Magnetic Material Time: 0.0010203
Using selected optimization level: 2
Selecting 3d kernel for splitFieldDirection=0 and optLevel=2
-----------------------------------------
Beginning initialization of 3D Simulation
Starting to add sources to simulation
Adding 3D point source
Starting to add boundary conditions to simulation
Adding 3D PML BC
Adding 3D Parallel BC
Adding 3D Anti-Symmetric BC
Adding 3D PML BC
Adding 3D PML BC
Adding 3D PML BC
Starting to add monitors to Simulation
Adding analysis monitor
Adding 3D Time monitor
Adding 3D Time monitor
Adding 3D Time monitor
Adding 3D Time monitor
Adding 3D Time monitor
Adding 3D Time monitor
Adding 3D index monitor
Adding 3D Time monitor
Adding 3D index monitor
Adding 3D Time monitor
Adding 3D Time monitor
Adding 3D Time monitor
Adding 3D Time monitor
Adding 3D Time monitor
Adding 3D Time monitor
Adding 3D index monitor
Adding 3D Time monitor
Adding 3D index monitor
Finished initialization of 3D Simulation
-----------------------------------------
All processes are communicating and ready to proceed to simulation...
Starting 27198 total iterations
0.176485% complete. Max time remaining: 10 mins, 5 secs. Auto Shutoff: 1
1.35305% complete. Max time remaining: 9 mins, 55 secs. Auto Shutoff: 1
2.52961% complete. Max time remaining: 9 mins, 43 secs. Auto Shutoff: 1
3.70617% complete. Max time remaining: 9 mins, 41 secs. Auto Shutoff: 1
4.88274% complete. Max time remaining: 9 mins, 35 secs. Auto Shutoff: 1
6.0593% complete. Max time remaining: 9 mins, 31 secs. Auto Shutoff: 1
7.23586% complete. Max time remaining: 9 mins, 29 secs. Auto Shutoff: 1
8.41243% complete. Max time remaining: 9 mins, 18 secs. Auto Shutoff: 1
9.58899% complete. Max time remaining: 9 mins, 7 secs. Auto Shutoff: 1
10.7656% complete. Max time remaining: 8 mins, 57 secs. Auto Shutoff: 1
11.9421% complete. Max time remaining: 8 mins, 48 secs. Auto Shutoff: 1
13.1187% complete. Max time remaining: 8 mins, 42 secs. Auto Shutoff: 1
14.2952% complete. Max time remaining: 8 mins, 35 secs. Auto Shutoff: 1
15.4718% complete. Max time remaining: 8 mins, 28 secs. Auto Shutoff: 1
16.6484% complete. Max time remaining: 8 mins, 20 secs. Auto Shutoff: 1
17.8249% complete. Max time remaining: 8 mins, 13 secs. Auto Shutoff: 1
19.0015% complete. Max time remaining: 8 mins, 6 secs. Auto Shutoff: 1
20.1781% complete. Max time remaining: 7 mins, 58 secs. Auto Shutoff: 1
21.3546% complete. Max time remaining: 7 mins, 51 secs. Auto Shutoff: 1
22.5312% complete. Max time remaining: 7 mins, 44 secs. Auto Shutoff: 1
23.7078% complete. Max time remaining: 7 mins, 37 secs. Auto Shutoff: 1
24.8843% complete. Max time remaining: 7 mins, 30 secs. Auto Shutoff: 1
26.0609% complete. Max time remaining: 7 mins, 23 secs. Auto Shutoff: 1
27.2374% complete. Max time remaining: 7 mins, 16 secs. Auto Shutoff: 1
28.414% complete. Max time remaining: 7 mins, 9 secs. Auto Shutoff: 1
29.5906% complete. Max time remaining: 7 mins, 2 secs. Auto Shutoff: 1
30.7671% complete. Max time remaining: 6 mins, 54 secs. Auto Shutoff: 1
31.9437% complete. Max time remaining: 6 mins, 47 secs. Auto Shutoff: 1
33.1203% complete. Max time remaining: 6 mins, 40 secs. Auto Shutoff: 1
34.2968% complete. Max time remaining: 6 mins, 33 secs. Auto Shutoff: 1
35.4734% complete. Max time remaining: 6 mins, 26 secs. Auto Shutoff: 1
36.6499% complete. Max time remaining: 6 mins, 19 secs. Auto Shutoff: 1
37.8265% complete. Max time remaining: 6 mins, 12 secs. Auto Shutoff: 1
39.0031% complete. Max time remaining: 6 mins, 5 secs. Auto Shutoff: 1
40.1796% complete. Max time remaining: 5 mins, 58 secs. Auto Shutoff: 1
41.3562% complete. Max time remaining: 5 mins, 51 secs. Auto Shutoff: 1
42.5328% complete. Max time remaining: 5 mins, 44 secs. Auto Shutoff: 1
43.7093% complete. Max time remaining: 5 mins, 37 secs. Auto Shutoff: 1
44.8859% complete. Max time remaining: 5 mins, 30 secs. Auto Shutoff: 1
46.0625% complete. Max time remaining: 5 mins, 23 secs. Auto Shutoff: 1
47.239% complete. Max time remaining: 5 mins, 15 secs. Auto Shutoff: 1
48.4156% complete. Max time remaining: 5 mins, 8 secs. Auto Shutoff: 1
49.5921% complete. Max time remaining: 5 mins, 1 secs. Auto Shutoff: 0.636197
50.7687% complete. Max time remaining: 4 mins, 54 secs. Auto Shutoff: 0.740136
51.9453% complete. Max time remaining: 4 mins, 47 secs. Auto Shutoff: 0.871116
53.1218% complete. Max time remaining: 4 mins, 40 secs. Auto Shutoff: 0.936338
54.2984% complete. Max time remaining: 4 mins, 33 secs. Auto Shutoff: 0.716333
55.475% complete. Max time remaining: 4 mins, 26 secs. Auto Shutoff: 0.811167
56.6515% complete. Max time remaining: 4 mins, 19 secs. Auto Shutoff: 0.921649
57.8281% complete. Max time remaining: 4 mins, 12 secs. Auto Shutoff: 0.969965
59.0047% complete. Max time remaining: 4 mins, 5 secs. Auto Shutoff: 0.995686
60.1812% complete. Max time remaining: 3 mins, 58 secs. Auto Shutoff: 0.982688
61.3578% complete. Max time remaining: 3 mins, 51 secs. Auto Shutoff: 0.959139
62.5343% complete. Max time remaining: 3 mins, 44 secs. Auto Shutoff: 0.989151
63.7109% complete. Max time remaining: 3 mins, 37 secs. Auto Shutoff: 0.98561
64.8875% complete. Max time remaining: 3 mins, 30 secs. Auto Shutoff: 0.953622
66.064% complete. Max time remaining: 3 mins, 23 secs. Auto Shutoff: 0.860856
67.2406% complete. Max time remaining: 3 mins, 16 secs. Auto Shutoff: 0.776993
68.4172% complete. Max time remaining: 3 mins, 9 secs. Auto Shutoff: 0.960723
69.5937% complete. Max time remaining: 3 mins, 2 secs. Auto Shutoff: 0.910796
70.7703% complete. Max time remaining: 2 mins, 55 secs. Auto Shutoff: 0.795263
71.9468% complete. Max time remaining: 2 mins, 48 secs. Auto Shutoff: 0.70021
73.1234% complete. Max time remaining: 2 mins, 41 secs. Auto Shutoff: 0.53744
74.3% complete. Max time remaining: 2 mins, 33 secs. Auto Shutoff: 0.592098
75.4765% complete. Max time remaining: 2 mins, 26 secs. Auto Shutoff: 0.720803
76.6531% complete. Max time remaining: 2 mins, 19 secs. Auto Shutoff: 0.617498
77.8297% complete. Max time remaining: 2 mins, 12 secs. Auto Shutoff: 0.51106
79.0062% complete. Max time remaining: 2 mins, 5 secs. Auto Shutoff: 0.673769
80.1828% complete. Max time remaining: 1 min, 58 secs. Auto Shutoff: 0.772155
81.3594% complete. Max time remaining: 1 min, 51 secs. Auto Shutoff: 0.891263
82.5359% complete. Max time remaining: 1 min, 44 secs. Auto Shutoff: 0.59566
83.7125% complete. Max time remaining: 1 min, 37 secs. Auto Shutoff: 0.749694
84.889% complete. Max time remaining: 1 min, 30 secs. Auto Shutoff: 0.837496
86.0656% complete. Max time remaining: 1 min, 23 secs. Auto Shutoff: 0.934443
87.2422% complete. Max time remaining: 1 min, 16 secs. Auto Shutoff: 0.972572
88.4187% complete. Max time remaining: 1 min, 9 secs. Auto Shutoff: 0.982324
89.5953% complete. Max time remaining: 1 min, 2 secs. Auto Shutoff: 0.892157
90.7719% complete. Max time remaining: 55 secs. Auto Shutoff: 0.964054
91.9484% complete. Max time remaining: 48 secs. Auto Shutoff: 0.983538
93.125% complete. Max time remaining: 41 secs. Auto Shutoff: 0.964307
94.3016% complete. Max time remaining: 34 secs. Auto Shutoff: 0.922817
95.4781% complete. Max time remaining: 27 secs. Auto Shutoff: 0.818312
96.6547% complete. Max time remaining: 20 secs. Auto Shutoff: 0.979542
97.8312% complete. Max time remaining: 13 secs. Auto Shutoff: 0.931994
99.0078% complete. Max time remaining: 6 secs. Auto Shutoff: 0.873533
Completed 27198 iterations, or 6.122973e-13s of Simulation Time
Process 0 starting to collect data
    collecting monitor data
    collecting source data
Finished collecting data
Simulation completed successfully at: Thu Mar 16 17:11:12 2023
Overall wall time measurements in seconds: 621.302
    time to mesh and initialize: 10.0499
    time to run FDTD simulation: 597.598
    time to checkpoint simulation: 7e-07
    time to finalize data and save to files: 3.01291
    miscellaneous time: 10.6413
    FDTD solver speed on process 0: 30.9592 Mnodes/s
    total FDTD solver speed on 6 processes: 185.755 Mnodes/s
