Ansys Lumerical 2022 R1 FDTD Solver Version 8.27.2898 (Windows 64bit)
 expires (month/day/year): 10/25/2023
using config file: Ansys Licensing set with ANSYSLMD_LICENSE_FILE
license host: 27011@admin2.cnsi.ucsb.edu
current time: Wed Mar 29 09:33:09 2023
Running on host: EAS-LONCARNZXT
host available memory (GB): 20.687548
All processes are communicating and ready to proceed to simulation...
Running fsp file: C:\Program Files\Lumerical\v221\bin\fdtd-engine-msmpi.exe -t 4 -remote C:/Users/LoncarLab/Documents/GitHub/lumerical_photonics/hole_cavity_optimization/fsps/db952aeb-c3d1-4acc-83ef-9a51ec2acad1/db952aeb-c3d1-4acc-83ef-9a51ec2acad1.fsp
number of processors is 6
processors are distributed as: 6x1x1
Running 3D Simulation
Starting meshing
Simulation size in gridpoints: 148 x 64 x 92
Refined 0 mesh cells (0%)
Completed meshing!
Meshing complete in 0.59375 seconds of CPU time
0 0
Starting meshing
Simulation size in gridpoints: 148 x 64 x 92
Refined 0 mesh cells (0%)
Completed meshing!
Meshing complete in 0.453125 seconds of CPU time
0 0
Starting meshing
Simulation size in gridpoints: 148 x 64 x 92
Refined 0 mesh cells (0%)
Completed meshing!
Meshing complete in 0.515625 seconds of CPU time
0 0
finished material properties
Meshing Time: 0.683754 seconds, Init Electrical Material Time: 0.0806184 seconds, Init Magnetic Material Time: 0.0017653
Using selected optimization level: 2
Selecting 3d kernel for splitFieldDirection=0 and optLevel=2
-----------------------------------------
Beginning initialization of 3D Simulation
Starting to add sources to simulation
Adding 3D point source
Starting to add boundary conditions to simulation
Adding 3D PML BC
Adding 3D Parallel BC
Adding 3D Anti-Symmetric BC
Adding 3D PML BC
Adding 3D PML BC
Adding 3D PML BC
Starting to add monitors to Simulation
Adding analysis monitor
Adding 3D Time monitor
Adding 3D Time monitor
Adding 3D Time monitor
Adding 3D Time monitor
Adding 3D Time monitor
Adding 3D Time monitor
Adding 3D index monitor
Adding 3D Time monitor
Adding 3D index monitor
Adding 3D Time monitor
Adding 3D Time monitor
Adding 3D Time monitor
Adding 3D Time monitor
Adding 3D Time monitor
Adding 3D Time monitor
Adding 3D index monitor
Adding 3D Time monitor
Adding 3D index monitor
Finished initialization of 3D Simulation
-----------------------------------------
All processes are communicating and ready to proceed to simulation...
Starting 27208 total iterations
0.176421% complete. Max time remaining: 11 mins, 52 secs. Auto Shutoff: 1
1.35256% complete. Max time remaining: 11 mins, 41 secs. Auto Shutoff: 1
2.52869% complete. Max time remaining: 11 mins, 35 secs. Auto Shutoff: 1
3.70483% complete. Max time remaining: 11 mins, 28 secs. Auto Shutoff: 1
4.88097% complete. Max time remaining: 11 mins, 20 secs. Auto Shutoff: 1
6.05711% complete. Max time remaining: 11 mins, 12 secs. Auto Shutoff: 1
7.23324% complete. Max time remaining: 11 mins, 3 secs. Auto Shutoff: 1
8.40938% complete. Max time remaining: 10 mins, 56 secs. Auto Shutoff: 1
9.58552% complete. Max time remaining: 10 mins, 47 secs. Auto Shutoff: 1
10.7617% complete. Max time remaining: 10 mins, 39 secs. Auto Shutoff: 1
11.9378% complete. Max time remaining: 10 mins, 31 secs. Auto Shutoff: 1
13.1139% complete. Max time remaining: 10 mins, 23 secs. Auto Shutoff: 1
14.2901% complete. Max time remaining: 10 mins, 16 secs. Auto Shutoff: 1
15.4662% complete. Max time remaining: 10 mins, 7 secs. Auto Shutoff: 1
16.6423% complete. Max time remaining: 9 mins, 59 secs. Auto Shutoff: 1
17.8185% complete. Max time remaining: 9 mins, 51 secs. Auto Shutoff: 1
18.9946% complete. Max time remaining: 9 mins, 43 secs. Auto Shutoff: 1
20.1708% complete. Max time remaining: 9 mins, 35 secs. Auto Shutoff: 1
21.3469% complete. Max time remaining: 9 mins, 26 secs. Auto Shutoff: 1
22.523% complete. Max time remaining: 9 mins, 18 secs. Auto Shutoff: 1
23.6992% complete. Max time remaining: 9 mins, 9 secs. Auto Shutoff: 1
24.8753% complete. Max time remaining: 9 mins, 1 secs. Auto Shutoff: 1
26.0514% complete. Max time remaining: 8 mins, 52 secs. Auto Shutoff: 1
27.2276% complete. Max time remaining: 8 mins, 44 secs. Auto Shutoff: 1
28.4037% complete. Max time remaining: 8 mins, 35 secs. Auto Shutoff: 1
29.5799% complete. Max time remaining: 8 mins, 27 secs. Auto Shutoff: 1
30.756% complete. Max time remaining: 8 mins, 18 secs. Auto Shutoff: 1
31.9321% complete. Max time remaining: 8 mins, 10 secs. Auto Shutoff: 1
33.1083% complete. Max time remaining: 8 mins, 1 secs. Auto Shutoff: 1
34.2844% complete. Max time remaining: 7 mins, 53 secs. Auto Shutoff: 1
35.4605% complete. Max time remaining: 7 mins, 45 secs. Auto Shutoff: 1
36.6367% complete. Max time remaining: 7 mins, 36 secs. Auto Shutoff: 1
37.8128% complete. Max time remaining: 7 mins, 28 secs. Auto Shutoff: 1
38.9889% complete. Max time remaining: 7 mins, 19 secs. Auto Shutoff: 1
40.1651% complete. Max time remaining: 7 mins, 11 secs. Auto Shutoff: 1
41.3412% complete. Max time remaining: 7 mins, 2 secs. Auto Shutoff: 1
42.5174% complete. Max time remaining: 6 mins, 54 secs. Auto Shutoff: 1
43.6935% complete. Max time remaining: 6 mins, 45 secs. Auto Shutoff: 1
44.8696% complete. Max time remaining: 6 mins, 37 secs. Auto Shutoff: 1
46.0458% complete. Max time remaining: 6 mins, 28 secs. Auto Shutoff: 1
47.2219% complete. Max time remaining: 6 mins, 20 secs. Auto Shutoff: 1
48.398% complete. Max time remaining: 6 mins, 11 secs. Auto Shutoff: 1
49.5742% complete. Max time remaining: 6 mins, 3 secs. Auto Shutoff: 0.870918
50.7503% complete. Max time remaining: 5 mins, 54 secs. Auto Shutoff: 0.941221
51.9265% complete. Max time remaining: 5 mins, 46 secs. Auto Shutoff: 0.994804
53.1026% complete. Max time remaining: 5 mins, 37 secs. Auto Shutoff: 1.00243
54.2787% complete. Max time remaining: 5 mins, 29 secs. Auto Shutoff: 0.956891
55.4549% complete. Max time remaining: 5 mins, 20 secs. Auto Shutoff: 0.982145
56.631% complete. Max time remaining: 5 mins, 12 secs. Auto Shutoff: 1.00017
57.8071% complete. Max time remaining: 5 mins, 4 secs. Auto Shutoff: 0.983383
58.9833% complete. Max time remaining: 4 mins, 55 secs. Auto Shutoff: 0.903803
60.1594% complete. Max time remaining: 4 mins, 47 secs. Auto Shutoff: 0.826911
61.3356% complete. Max time remaining: 4 mins, 38 secs. Auto Shutoff: 0.67523
62.5117% complete. Max time remaining: 4 mins, 30 secs. Auto Shutoff: 0.943102
63.6878% complete. Max time remaining: 4 mins, 21 secs. Auto Shutoff: 0.832937
64.864% complete. Max time remaining: 4 mins, 13 secs. Auto Shutoff: 0.739796
66.0401% complete. Max time remaining: 4 mins, 4 secs. Auto Shutoff: 0.57338
67.2162% complete. Max time remaining: 3 mins, 56 secs. Auto Shutoff: 0.571943
68.3924% complete. Max time remaining: 3 mins, 47 secs. Auto Shutoff: 0.68617
69.5685% complete. Max time remaining: 3 mins, 39 secs. Auto Shutoff: 0.642205
70.7447% complete. Max time remaining: 3 mins, 30 secs. Auto Shutoff: 0.504921
71.9208% complete. Max time remaining: 3 mins, 22 secs. Auto Shutoff: 0.673696
73.0969% complete. Max time remaining: 3 mins, 14 secs. Auto Shutoff: 0.77946
74.2731% complete. Max time remaining: 3 mins, 5 secs. Auto Shutoff: 0.902595
75.4492% complete. Max time remaining: 2 mins, 57 secs. Auto Shutoff: 0.962983
76.6253% complete. Max time remaining: 2 mins, 48 secs. Auto Shutoff: 0.767771
77.8015% complete. Max time remaining: 2 mins, 40 secs. Auto Shutoff: 0.860473
78.9776% complete. Max time remaining: 2 mins, 31 secs. Auto Shutoff: 0.955682
80.1538% complete. Max time remaining: 2 mins, 23 secs. Auto Shutoff: 0.993822
81.3299% complete. Max time remaining: 2 mins, 14 secs. Auto Shutoff: 0.994263
82.506% complete. Max time remaining: 2 mins, 6 secs. Auto Shutoff: 0.96593
83.6822% complete. Max time remaining: 1 min, 57 secs. Auto Shutoff: 0.988664
84.8583% complete. Max time remaining: 1 min, 49 secs. Auto Shutoff: 1.00294
86.0344% complete. Max time remaining: 1 min, 40 secs. Auto Shutoff: 0.967158
87.2106% complete. Max time remaining: 1 min, 32 secs. Auto Shutoff: 0.916003
88.3867% complete. Max time remaining: 1 min, 24 secs. Auto Shutoff: 0.792785
89.5628% complete. Max time remaining: 1 min, 15 secs. Auto Shutoff: 0.989943
90.739% complete. Max time remaining: 1 min, 7 secs. Auto Shutoff: 0.919457
91.9151% complete. Max time remaining: 58 secs. Auto Shutoff: 0.847806
93.0913% complete. Max time remaining: 50 secs. Auto Shutoff: 0.701564
94.2674% complete. Max time remaining: 41 secs. Auto Shutoff: 0.592235
95.4435% complete. Max time remaining: 33 secs. Auto Shutoff: 0.555448
96.6197% complete. Max time remaining: 24 secs. Auto Shutoff: 0.764349
97.7958% complete. Max time remaining: 16 secs. Auto Shutoff: 0.601477
98.9719% complete. Max time remaining: 7 secs. Auto Shutoff: 0.542733
100% complete. Max time remaining: 0 secs. Auto Shutoff: 0.65828
Completed 27208 iterations, or 6.123006e-13s of Simulation Time
Process 0 starting to collect data
    collecting monitor data
    collecting source data
Finished collecting data
This simulation failed. Please contact Lumerical Technical Support with
this error message: the reason for the failure was: Unable to write project file.
